  [1m[35m (3345.6ms)[0m  [1m[35mCREATE DATABASE "todos_app_development" ENCODING = 'unicode'[0m
  ↳ bin/rails:9
  [1m[35m (1787.4ms)[0m  [1m[35mCREATE DATABASE "todos_app_test" ENCODING = 'unicode'[0m
  ↳ bin/rails:9
  [1m[35m (1361.3ms)[0m  [1m[35mCREATE TABLE "schema_migrations" ("version" character varying NOT NULL PRIMARY KEY)[0m
  ↳ bin/rails:9
  [1m[35m (337.0ms)[0m  [1m[35mCREATE TABLE "ar_internal_metadata" ("key" character varying NOT NULL PRIMARY KEY, "value" character varying, "created_at" timestamp NOT NULL, "updated_at" timestamp NOT NULL)[0m
  ↳ bin/rails:9
  [1m[35m (43.4ms)[0m  [1m[34mSELECT pg_try_advisory_lock(4565750621075901915)[0m
  ↳ bin/rails:9
  [1m[35m (1.0ms)[0m  [1m[34mSELECT "schema_migrations"."version" FROM "schema_migrations" ORDER BY "schema_migrations"."version" ASC[0m
  ↳ bin/rails:9
Migrating to CreateTodos (20190509170512)
  [1m[35m (22.4ms)[0m  [1m[35mBEGIN[0m
  ↳ bin/rails:9
  [1m[35m (482.3ms)[0m  [1m[35mCREATE TABLE "todos" ("id" bigserial primary key, "title" character varying NOT NULL, "body" character varying NOT NULL, "done" boolean DEFAULT FALSE NOT NULL, "created_at" timestamp NOT NULL, "updated_at" timestamp NOT NULL)[0m
  ↳ db/migrate/20190509170512_create_todos.rb:3
  [1m[36mActiveRecord::SchemaMigration Create (165.2ms)[0m  [1m[32mINSERT INTO "schema_migrations" ("version") VALUES ($1) RETURNING "version"[0m  [["version", "20190509170512"]]
  ↳ bin/rails:9
  [1m[35m (11.8ms)[0m  [1m[35mCOMMIT[0m
  ↳ bin/rails:9
  [1m[36mActiveRecord::InternalMetadata Load (2.7ms)[0m  [1m[34mSELECT  "ar_internal_metadata".* FROM "ar_internal_metadata" WHERE "ar_internal_metadata"."key" = $1 LIMIT $2[0m  [["key", "environment"], ["LIMIT", 1]]
  ↳ bin/rails:9
  [1m[35m (0.3ms)[0m  [1m[35mBEGIN[0m
  ↳ bin/rails:9
  [1m[36mActiveRecord::InternalMetadata Create (111.0ms)[0m  [1m[32mINSERT INTO "ar_internal_metadata" ("key", "value", "created_at", "updated_at") VALUES ($1, $2, $3, $4) RETURNING "key"[0m  [["key", "environment"], ["value", "development"], ["created_at", "2019-05-09 17:08:21.733276"], ["updated_at", "2019-05-09 17:08:21.733276"]]
  ↳ bin/rails:9
  [1m[35m (1.4ms)[0m  [1m[35mCOMMIT[0m
  ↳ bin/rails:9
  [1m[35m (2.9ms)[0m  [1m[34mSELECT pg_advisory_unlock(4565750621075901915)[0m
  ↳ bin/rails:9
  [1m[35m (109.8ms)[0m  [1m[34mSELECT "schema_migrations"."version" FROM "schema_migrations" ORDER BY "schema_migrations"."version" ASC[0m
  ↳ bin/rails:9
  [1m[35m (1.4ms)[0m  [1m[34mSELECT "schema_migrations"."version" FROM "schema_migrations" ORDER BY "schema_migrations"."version" ASC[0m
  ↳ /Users/gordycooper/.rbenv/versions/2.5.1/bin/annotate:23
  [1m[35m (0.3ms)[0m  [1m[35mBEGIN[0m
  [1m[35m (0.4ms)[0m  [1m[31mROLLBACK[0m
  [1m[35m (0.3ms)[0m  [1m[35mBEGIN[0m
  [1m[35m (0.3ms)[0m  [1m[31mROLLBACK[0m
  [1m[35m (0.3ms)[0m  [1m[35mBEGIN[0m
  [1m[36mTodo Create (271.1ms)[0m  [1m[32mINSERT INTO "todos" ("title", "body", "created_at", "updated_at") VALUES ($1, $2, $3, $4) RETURNING "id"[0m  [["title", "take a break"], ["body", "at some point"], ["created_at", "2019-05-09 17:14:49.385690"], ["updated_at", "2019-05-09 17:14:49.385690"]]
  [1m[35m (280.8ms)[0m  [1m[35mCOMMIT[0m
  [1m[35m (0.3ms)[0m  [1m[35mBEGIN[0m
  [1m[36mTodo Create (1.3ms)[0m  [1m[32mINSERT INTO "todos" ("title", "body", "created_at", "updated_at") VALUES ($1, $2, $3, $4) RETURNING "id"[0m  [["title", "go for a walk"], ["body", "gotta get that exercise man..."], ["created_at", "2019-05-09 17:15:18.984432"], ["updated_at", "2019-05-09 17:15:18.984432"]]
  [1m[35m (4.2ms)[0m  [1m[35mCOMMIT[0m
  [1m[35m (0.4ms)[0m  [1m[35mBEGIN[0m
  [1m[36mTodo Create (3.4ms)[0m  [1m[32mINSERT INTO "todos" ("title", "body", "created_at", "updated_at") VALUES ($1, $2, $3, $4) RETURNING "id"[0m  [["title", "eat"], ["body", "fooooood."], ["created_at", "2019-05-09 17:15:59.557062"], ["updated_at", "2019-05-09 17:15:59.557062"]]
  [1m[35m (94.6ms)[0m  [1m[35mCOMMIT[0m
  [1m[36mTodo Load (58.3ms)[0m  [1m[34mSELECT "todos".* FROM "todos"[0m
Started GET "/" for ::1 at 2019-05-09 10:47:39 -0700
  [1m[35m (55.4ms)[0m  [1m[34mSELECT "schema_migrations"."version" FROM "schema_migrations" ORDER BY "schema_migrations"."version" ASC[0m
  ↳ /Users/gordycooper/.rbenv/versions/2.5.1/lib/ruby/gems/2.5.0/gems/activerecord-5.2.3/lib/active_record/log_subscriber.rb:98
Processing by StaticPagesController#root as HTML
  Rendering static_pages/root.html.erb within layouts/application
  Rendered static_pages/root.html.erb within layouts/application (145.3ms)
Completed 200 OK in 15820ms (Views: 15776.0ms | ActiveRecord: 0.0ms)


Started GET "/api/todos" for ::1 at 2019-05-09 10:49:18 -0700
Processing by Api::TodosController#index as JSON
  [1m[36mTodo Load (29.0ms)[0m  [1m[34mSELECT "todos".* FROM "todos"[0m
  ↳ app/controllers/api/todos_controller.rb:14
Completed 200 OK in 283ms (Views: 110.6ms | ActiveRecord: 94.7ms)


Started GET "/" for ::1 at 2019-05-09 11:00:01 -0700
Processing by StaticPagesController#root as HTML
  Rendering static_pages/root.html.erb within layouts/application
  Rendered static_pages/root.html.erb within layouts/application (3.4ms)
Completed 200 OK in 14110ms (Views: 14051.3ms | ActiveRecord: 0.0ms)


Started GET "/" for ::1 at 2019-05-09 11:00:30 -0700
Processing by StaticPagesController#root as HTML
  Rendering static_pages/root.html.erb within layouts/application
  Rendered static_pages/root.html.erb within layouts/application (0.8ms)
Completed 200 OK in 837ms (Views: 810.2ms | ActiveRecord: 0.0ms)


Started GET "/api/todos" for ::1 at 2019-05-09 11:05:54 -0700
Processing by Api::TodosController#index as JSON
  [1m[36mTodo Load (2.0ms)[0m  [1m[34mSELECT "todos".* FROM "todos"[0m
  ↳ app/controllers/api/todos_controller.rb:14
Completed 200 OK in 29ms (Views: 23.4ms | ActiveRecord: 2.0ms)


Started GET "/api/todos" for ::1 at 2019-05-09 11:11:41 -0700
Processing by Api::TodosController#index as JSON
  [1m[36mTodo Load (1.8ms)[0m  [1m[34mSELECT "todos".* FROM "todos"[0m
  ↳ app/controllers/api/todos_controller.rb:14
Completed 200 OK in 9ms (Views: 6.7ms | ActiveRecord: 1.8ms)


Started GET "/" for ::1 at 2019-05-09 12:39:18 -0700
Processing by StaticPagesController#root as HTML
  Rendering static_pages/root.html.erb within layouts/application
  Rendered static_pages/root.html.erb within layouts/application (5.5ms)
Completed 200 OK in 921ms (Views: 875.9ms | ActiveRecord: 0.0ms)


Started GET "/" for ::1 at 2019-05-09 12:39:44 -0700
Processing by StaticPagesController#root as HTML
  Rendering static_pages/root.html.erb within layouts/application
  Rendered static_pages/root.html.erb within layouts/application (1.0ms)
Completed 200 OK in 532ms (Views: 518.6ms | ActiveRecord: 0.0ms)


Started GET "/" for ::1 at 2019-05-09 12:40:27 -0700
Processing by StaticPagesController#root as HTML
  Rendering static_pages/root.html.erb within layouts/application
  Rendered static_pages/root.html.erb within layouts/application (0.5ms)
Completed 200 OK in 47ms (Views: 40.6ms | ActiveRecord: 0.0ms)


Started GET "/" for ::1 at 2019-05-09 12:40:29 -0700
Processing by StaticPagesController#root as HTML
  Rendering static_pages/root.html.erb within layouts/application
  Rendered static_pages/root.html.erb within layouts/application (0.5ms)
Completed 200 OK in 51ms (Views: 47.5ms | ActiveRecord: 0.0ms)


Started GET "/" for ::1 at 2019-05-09 12:40:30 -0700
Processing by StaticPagesController#root as HTML
  Rendering static_pages/root.html.erb within layouts/application
  Rendered static_pages/root.html.erb within layouts/application (0.8ms)
Completed 200 OK in 56ms (Views: 49.3ms | ActiveRecord: 0.0ms)


Started GET "/" for ::1 at 2019-05-09 12:40:31 -0700
Processing by StaticPagesController#root as HTML
  Rendering static_pages/root.html.erb within layouts/application
  Rendered static_pages/root.html.erb within layouts/application (1.0ms)
Completed 200 OK in 58ms (Views: 51.6ms | ActiveRecord: 0.0ms)


Started GET "/" for ::1 at 2019-05-09 12:40:32 -0700
Processing by StaticPagesController#root as HTML
  Rendering static_pages/root.html.erb within layouts/application
  Rendered static_pages/root.html.erb within layouts/application (0.7ms)
Completed 200 OK in 82ms (Views: 75.3ms | ActiveRecord: 0.0ms)


Started GET "/" for ::1 at 2019-05-09 12:40:32 -0700
Processing by StaticPagesController#root as HTML
  Rendering static_pages/root.html.erb within layouts/application
  Rendered static_pages/root.html.erb within layouts/application (1.3ms)
Completed 200 OK in 85ms (Views: 78.1ms | ActiveRecord: 0.0ms)


Started GET "/" for ::1 at 2019-05-09 12:40:33 -0700
Processing by StaticPagesController#root as HTML
  Rendering static_pages/root.html.erb within layouts/application
  Rendered static_pages/root.html.erb within layouts/application (2.7ms)
Completed 200 OK in 86ms (Views: 80.9ms | ActiveRecord: 0.0ms)


Started GET "/" for ::1 at 2019-05-09 12:41:26 -0700
Processing by StaticPagesController#root as HTML
  Rendering static_pages/root.html.erb within layouts/application
  Rendered static_pages/root.html.erb within layouts/application (1.1ms)
Completed 200 OK in 79ms (Views: 72.4ms | ActiveRecord: 0.0ms)


Started GET "/" for ::1 at 2019-05-09 12:41:33 -0700
Processing by StaticPagesController#root as HTML
  Rendering static_pages/root.html.erb within layouts/application
  Rendered static_pages/root.html.erb within layouts/application (0.6ms)
Completed 200 OK in 53ms (Views: 47.8ms | ActiveRecord: 0.0ms)


Started GET "/" for ::1 at 2019-05-09 12:42:05 -0700
Processing by StaticPagesController#root as HTML
  Rendering static_pages/root.html.erb within layouts/application
  Rendered static_pages/root.html.erb within layouts/application (0.6ms)
Completed 200 OK in 725ms (Views: 701.5ms | ActiveRecord: 0.0ms)


Started GET "/" for ::1 at 2019-05-09 12:42:45 -0700
Processing by StaticPagesController#root as HTML
  Rendering static_pages/root.html.erb within layouts/application
  Rendered static_pages/root.html.erb within layouts/application (0.7ms)
Completed 200 OK in 811ms (Views: 795.6ms | ActiveRecord: 0.0ms)


Started GET "/" for ::1 at 2019-05-09 12:43:19 -0700
Processing by StaticPagesController#root as HTML
  Rendering static_pages/root.html.erb within layouts/application
  Rendered static_pages/root.html.erb within layouts/application (0.7ms)
Completed 200 OK in 1690ms (Views: 1658.5ms | ActiveRecord: 0.0ms)


Started GET "/" for ::1 at 2019-05-09 12:46:49 -0700
Processing by StaticPagesController#root as HTML
  Rendering static_pages/root.html.erb within layouts/application
  Rendered static_pages/root.html.erb within layouts/application (0.9ms)
Completed 200 OK in 669ms (Views: 650.0ms | ActiveRecord: 0.0ms)


Started GET "/" for ::1 at 2019-05-09 12:47:41 -0700
Processing by StaticPagesController#root as HTML
  Rendering static_pages/root.html.erb within layouts/application
  Rendered static_pages/root.html.erb within layouts/application (0.7ms)
Completed 200 OK in 635ms (Views: 603.5ms | ActiveRecord: 0.0ms)


Started GET "/" for ::1 at 2019-05-09 12:48:06 -0700
Processing by StaticPagesController#root as HTML
  Rendering static_pages/root.html.erb within layouts/application
  Rendered static_pages/root.html.erb within layouts/application (0.7ms)
Completed 200 OK in 177ms (Views: 163.4ms | ActiveRecord: 0.0ms)


Started GET "/" for ::1 at 2019-05-09 12:48:48 -0700
Processing by StaticPagesController#root as HTML
  Rendering static_pages/root.html.erb within layouts/application
  Rendered static_pages/root.html.erb within layouts/application (0.5ms)
Completed 200 OK in 201ms (Views: 188.0ms | ActiveRecord: 0.0ms)


Started GET "/" for ::1 at 2019-05-09 12:49:26 -0700
Processing by StaticPagesController#root as HTML
  Rendering static_pages/root.html.erb within layouts/application
  Rendered static_pages/root.html.erb within layouts/application (0.7ms)
Completed 200 OK in 659ms (Views: 643.1ms | ActiveRecord: 0.0ms)


Started GET "/" for ::1 at 2019-05-09 12:50:00 -0700
Processing by StaticPagesController#root as HTML
  Rendering static_pages/root.html.erb within layouts/application
  Rendered static_pages/root.html.erb within layouts/application (0.6ms)
Completed 200 OK in 152ms (Views: 136.7ms | ActiveRecord: 0.0ms)


Started GET "/" for ::1 at 2019-05-09 12:51:05 -0700
Processing by StaticPagesController#root as HTML
  Rendering static_pages/root.html.erb within layouts/application
  Rendered static_pages/root.html.erb within layouts/application (0.6ms)
Completed 200 OK in 160ms (Views: 136.1ms | ActiveRecord: 0.0ms)


Started GET "/" for ::1 at 2019-05-09 12:51:40 -0700
Processing by StaticPagesController#root as HTML
  Rendering static_pages/root.html.erb within layouts/application
  Rendered static_pages/root.html.erb within layouts/application (0.8ms)
Completed 200 OK in 784ms (Views: 760.7ms | ActiveRecord: 0.0ms)


Started GET "/" for ::1 at 2019-05-09 12:51:54 -0700
Processing by StaticPagesController#root as HTML
  Rendering static_pages/root.html.erb within layouts/application
  Rendered static_pages/root.html.erb within layouts/application (0.6ms)
Completed 200 OK in 163ms (Views: 157.3ms | ActiveRecord: 0.0ms)


Started GET "/" for ::1 at 2019-05-09 13:04:12 -0700
Processing by StaticPagesController#root as HTML
  Rendering static_pages/root.html.erb within layouts/application
  Rendered static_pages/root.html.erb within layouts/application (5.3ms)
Completed 200 OK in 943ms (Views: 810.2ms | ActiveRecord: 0.0ms)


Started GET "/" for ::1 at 2019-05-09 13:05:29 -0700
Processing by StaticPagesController#root as HTML
  Rendering static_pages/root.html.erb within layouts/application
  Rendered static_pages/root.html.erb within layouts/application (0.6ms)
Completed 200 OK in 303ms (Views: 280.8ms | ActiveRecord: 0.0ms)


Started GET "/" for ::1 at 2019-05-09 13:05:57 -0700
Processing by StaticPagesController#root as HTML
  Rendering static_pages/root.html.erb within layouts/application
  Rendered static_pages/root.html.erb within layouts/application (0.7ms)
Completed 200 OK in 1239ms (Views: 1198.5ms | ActiveRecord: 0.0ms)


Started GET "/" for ::1 at 2019-05-09 13:09:16 -0700
Processing by StaticPagesController#root as HTML
  Rendering static_pages/root.html.erb within layouts/application
  Rendered static_pages/root.html.erb within layouts/application (3.6ms)
Completed 200 OK in 1301ms (Views: 1289.0ms | ActiveRecord: 0.0ms)


Started GET "/" for ::1 at 2019-05-09 13:09:56 -0700
Processing by StaticPagesController#root as HTML
  Rendering static_pages/root.html.erb within layouts/application
  Rendered static_pages/root.html.erb within layouts/application (0.5ms)
Completed 200 OK in 1075ms (Views: 1062.3ms | ActiveRecord: 0.0ms)


Started GET "/" for ::1 at 2019-05-09 13:10:34 -0700
Processing by StaticPagesController#root as HTML
  Rendering static_pages/root.html.erb within layouts/application
  Rendered static_pages/root.html.erb within layouts/application (5.0ms)
Completed 200 OK in 844ms (Views: 809.2ms | ActiveRecord: 0.0ms)


Started GET "/" for ::1 at 2019-05-09 13:10:45 -0700
Processing by StaticPagesController#root as HTML
  Rendering static_pages/root.html.erb within layouts/application
  Rendered static_pages/root.html.erb within layouts/application (0.7ms)
Completed 200 OK in 778ms (Views: 762.5ms | ActiveRecord: 0.0ms)


Started GET "/" for ::1 at 2019-05-09 13:11:55 -0700
Processing by StaticPagesController#root as HTML
  Rendering static_pages/root.html.erb within layouts/application
  Rendered static_pages/root.html.erb within layouts/application (0.5ms)
Completed 200 OK in 938ms (Views: 915.3ms | ActiveRecord: 0.0ms)


Started GET "/" for ::1 at 2019-05-09 13:15:11 -0700
Processing by StaticPagesController#root as HTML
  Rendering static_pages/root.html.erb within layouts/application
  Rendered static_pages/root.html.erb within layouts/application (2.9ms)
Completed 200 OK in 1068ms (Views: 1044.5ms | ActiveRecord: 0.0ms)


Started GET "/" for ::1 at 2019-05-09 13:16:32 -0700
Processing by StaticPagesController#root as HTML
  Rendering static_pages/root.html.erb within layouts/application
  Rendered static_pages/root.html.erb within layouts/application (5.7ms)
Completed 200 OK in 1590ms (Views: 1560.6ms | ActiveRecord: 0.0ms)


Started GET "/" for ::1 at 2019-05-09 13:16:45 -0700
Processing by StaticPagesController#root as HTML
  Rendering static_pages/root.html.erb within layouts/application
  Rendered static_pages/root.html.erb within layouts/application (1.1ms)
Completed 200 OK in 1084ms (Views: 943.0ms | ActiveRecord: 0.0ms)


Started GET "/" for ::1 at 2019-05-09 13:17:29 -0700
Processing by StaticPagesController#root as HTML
  Rendering static_pages/root.html.erb within layouts/application
  Rendered static_pages/root.html.erb within layouts/application (0.9ms)
Completed 200 OK in 162ms (Views: 148.1ms | ActiveRecord: 0.0ms)


Started GET "/" for ::1 at 2019-05-09 13:17:35 -0700
Processing by StaticPagesController#root as HTML
  Rendering static_pages/root.html.erb within layouts/application
  Rendered static_pages/root.html.erb within layouts/application (0.6ms)
Completed 200 OK in 59ms (Views: 53.7ms | ActiveRecord: 0.0ms)


Started GET "/" for ::1 at 2019-05-09 13:17:51 -0700
Processing by StaticPagesController#root as HTML
  Rendering static_pages/root.html.erb within layouts/application
  Rendered static_pages/root.html.erb within layouts/application (0.6ms)
Completed 200 OK in 642ms (Views: 627.5ms | ActiveRecord: 0.0ms)


Started GET "/" for ::1 at 2019-05-09 13:18:27 -0700
Processing by StaticPagesController#root as HTML
  Rendering static_pages/root.html.erb within layouts/application
  Rendered static_pages/root.html.erb within layouts/application (4.5ms)
Completed 200 OK in 869ms (Views: 823.7ms | ActiveRecord: 0.0ms)


Started GET "/" for ::1 at 2019-05-09 13:18:54 -0700
Processing by StaticPagesController#root as HTML
  Rendering static_pages/root.html.erb within layouts/application
  Rendered static_pages/root.html.erb within layouts/application (0.9ms)
Completed 200 OK in 618ms (Views: 605.1ms | ActiveRecord: 0.0ms)


Started GET "/" for ::1 at 2019-05-09 13:20:12 -0700
Processing by StaticPagesController#root as HTML
  Rendering static_pages/root.html.erb within layouts/application
  Rendered static_pages/root.html.erb within layouts/application (4.1ms)
Completed 200 OK in 1295ms (Views: 1267.2ms | ActiveRecord: 0.0ms)


Started GET "/" for ::1 at 2019-05-09 13:20:52 -0700
Processing by StaticPagesController#root as HTML
  Rendering static_pages/root.html.erb within layouts/application
  Rendered static_pages/root.html.erb within layouts/application (0.7ms)
Completed 200 OK in 973ms (Views: 934.1ms | ActiveRecord: 0.0ms)


Started GET "/" for ::1 at 2019-05-09 13:20:58 -0700
Processing by StaticPagesController#root as HTML
  Rendering static_pages/root.html.erb within layouts/application
  Rendered static_pages/root.html.erb within layouts/application (0.6ms)
Completed 200 OK in 285ms (Views: 278.6ms | ActiveRecord: 0.0ms)


Started GET "/" for ::1 at 2019-05-09 13:21:18 -0700
Processing by StaticPagesController#root as HTML
  Rendering static_pages/root.html.erb within layouts/application
  Rendered static_pages/root.html.erb within layouts/application (0.7ms)
Completed 200 OK in 1269ms (Views: 1224.3ms | ActiveRecord: 0.0ms)


Started GET "/" for ::1 at 2019-05-09 13:23:06 -0700
Processing by StaticPagesController#root as HTML
  Rendering static_pages/root.html.erb within layouts/application
  Rendered static_pages/root.html.erb within layouts/application (1.6ms)
Completed 200 OK in 1186ms (Views: 1174.3ms | ActiveRecord: 0.0ms)


Started GET "/" for ::1 at 2019-05-09 13:23:27 -0700
Processing by StaticPagesController#root as HTML
  Rendering static_pages/root.html.erb within layouts/application
  Rendered static_pages/root.html.erb within layouts/application (1.2ms)
Completed 200 OK in 1118ms (Views: 1090.5ms | ActiveRecord: 0.0ms)


Started GET "/" for ::1 at 2019-05-09 13:27:24 -0700
Processing by StaticPagesController#root as HTML
  Rendering static_pages/root.html.erb within layouts/application
  Rendered static_pages/root.html.erb within layouts/application (1.4ms)
Completed 200 OK in 1827ms (Views: 1799.3ms | ActiveRecord: 0.0ms)


Started GET "/api/todos" for ::1 at 2019-05-09 13:27:30 -0700
Processing by Api::TodosController#index as JSON
  [1m[36mTodo Load (63.0ms)[0m  [1m[34mSELECT "todos".* FROM "todos"[0m
  ↳ app/controllers/api/todos_controller.rb:14
Completed 200 OK in 71ms (Views: 6.7ms | ActiveRecord: 63.0ms)


Started GET "/" for ::1 at 2019-05-09 13:28:49 -0700
Processing by StaticPagesController#root as HTML
  Rendering static_pages/root.html.erb within layouts/application
  Rendered static_pages/root.html.erb within layouts/application (2.3ms)
Completed 200 OK in 836ms (Views: 822.5ms | ActiveRecord: 0.0ms)


Started GET "/api/todos" for ::1 at 2019-05-09 13:28:52 -0700
Processing by Api::TodosController#index as JSON
  [1m[36mTodo Load (6.7ms)[0m  [1m[34mSELECT "todos".* FROM "todos"[0m
  ↳ app/controllers/api/todos_controller.rb:14
Completed 200 OK in 12ms (Views: 4.6ms | ActiveRecord: 6.7ms)


Started GET "/api/todos" for ::1 at 2019-05-09 13:30:08 -0700
Processing by Api::TodosController#index as JSON
  [1m[36mTodo Load (2.3ms)[0m  [1m[34mSELECT "todos".* FROM "todos"[0m
  ↳ app/controllers/api/todos_controller.rb:14
Completed 200 OK in 6ms (Views: 3.3ms | ActiveRecord: 2.3ms)


Started GET "/" for ::1 at 2019-05-09 13:38:59 -0700
Processing by StaticPagesController#root as HTML
  Rendering static_pages/root.html.erb within layouts/application
  Rendered static_pages/root.html.erb within layouts/application (6.4ms)
Completed 200 OK in 865ms (Views: 846.0ms | ActiveRecord: 0.0ms)


Started GET "/" for ::1 at 2019-05-09 13:39:19 -0700
Processing by StaticPagesController#root as HTML
  Rendering static_pages/root.html.erb within layouts/application
  Rendered static_pages/root.html.erb within layouts/application (0.7ms)
Completed 200 OK in 642ms (Views: 627.0ms | ActiveRecord: 0.0ms)


Started GET "/api/todos" for ::1 at 2019-05-09 13:39:20 -0700
Processing by Api::TodosController#index as JSON
  [1m[36mTodo Load (3.1ms)[0m  [1m[34mSELECT "todos".* FROM "todos"[0m
  ↳ app/controllers/api/todos_controller.rb:14
Completed 200 OK in 15ms (Views: 10.4ms | ActiveRecord: 3.1ms)


Started GET "/" for ::1 at 2019-05-09 13:39:28 -0700
Processing by StaticPagesController#root as HTML
  Rendering static_pages/root.html.erb within layouts/application
  Rendered static_pages/root.html.erb within layouts/application (0.5ms)
Completed 200 OK in 159ms (Views: 150.9ms | ActiveRecord: 0.0ms)


Started GET "/api/todos" for ::1 at 2019-05-09 13:39:28 -0700
Processing by Api::TodosController#index as JSON
  [1m[36mTodo Load (11.7ms)[0m  [1m[34mSELECT "todos".* FROM "todos"[0m
  ↳ app/controllers/api/todos_controller.rb:14
Completed 200 OK in 16ms (Views: 4.2ms | ActiveRecord: 11.7ms)


Started GET "/" for ::1 at 2019-05-09 13:59:20 -0700
Processing by StaticPagesController#root as HTML
  Rendering static_pages/root.html.erb within layouts/application
  Rendered static_pages/root.html.erb within layouts/application (3.8ms)
Completed 200 OK in 794ms (Views: 778.0ms | ActiveRecord: 0.0ms)


Started GET "/" for ::1 at 2019-05-09 13:59:52 -0700
Processing by StaticPagesController#root as HTML
  Rendering static_pages/root.html.erb within layouts/application
  Rendered static_pages/root.html.erb within layouts/application (0.8ms)
Completed 200 OK in 915ms (Views: 860.5ms | ActiveRecord: 0.0ms)


Started GET "/api/todos" for ::1 at 2019-05-09 13:59:53 -0700
Processing by Api::TodosController#index as JSON
  [1m[36mTodo Load (30.6ms)[0m  [1m[34mSELECT "todos".* FROM "todos"[0m
  ↳ app/controllers/api/todos_controller.rb:14
Completed 200 OK in 41ms (Views: 10.0ms | ActiveRecord: 30.6ms)


Started GET "/" for ::1 at 2019-05-09 14:00:14 -0700
Processing by StaticPagesController#root as HTML
  Rendering static_pages/root.html.erb within layouts/application
  Rendered static_pages/root.html.erb within layouts/application (5.8ms)
Completed 200 OK in 2174ms (Views: 2147.2ms | ActiveRecord: 0.0ms)


Started GET "/api/todos" for ::1 at 2019-05-09 14:00:17 -0700
Processing by Api::TodosController#index as JSON
  [1m[36mTodo Load (2.6ms)[0m  [1m[34mSELECT "todos".* FROM "todos"[0m
  ↳ app/controllers/api/todos_controller.rb:14
Completed 200 OK in 7ms (Views: 4.1ms | ActiveRecord: 2.6ms)


Started GET "/" for ::1 at 2019-05-09 14:00:39 -0700
Processing by StaticPagesController#root as HTML
  Rendering static_pages/root.html.erb within layouts/application
  Rendered static_pages/root.html.erb within layouts/application (1.8ms)
Completed 200 OK in 901ms (Views: 878.0ms | ActiveRecord: 0.0ms)


Started GET "/api/todos" for ::1 at 2019-05-09 14:00:40 -0700
Processing by Api::TodosController#index as JSON
  [1m[36mTodo Load (5.0ms)[0m  [1m[34mSELECT "todos".* FROM "todos"[0m
  ↳ app/controllers/api/todos_controller.rb:14
Completed 200 OK in 12ms (Views: 5.6ms | ActiveRecord: 5.0ms)


Started GET "/" for ::1 at 2019-05-09 14:00:48 -0700
Processing by StaticPagesController#root as HTML
  Rendering static_pages/root.html.erb within layouts/application
  Rendered static_pages/root.html.erb within layouts/application (2.0ms)
Completed 200 OK in 430ms (Views: 424.1ms | ActiveRecord: 0.0ms)


Started GET "/api/todos" for ::1 at 2019-05-09 14:00:49 -0700
Processing by Api::TodosController#index as JSON
  [1m[36mTodo Load (24.0ms)[0m  [1m[34mSELECT "todos".* FROM "todos"[0m
  ↳ app/controllers/api/todos_controller.rb:14
Completed 200 OK in 32ms (Views: 6.8ms | ActiveRecord: 24.0ms)


Started GET "/" for ::1 at 2019-05-09 14:01:00 -0700
Processing by StaticPagesController#root as HTML
  Rendering static_pages/root.html.erb within layouts/application
  Rendered static_pages/root.html.erb within layouts/application (0.9ms)
Completed 200 OK in 609ms (Views: 530.1ms | ActiveRecord: 0.0ms)


Started GET "/api/todos" for ::1 at 2019-05-09 14:01:01 -0700
Processing by Api::TodosController#index as JSON
  [1m[36mTodo Load (5.3ms)[0m  [1m[34mSELECT "todos".* FROM "todos"[0m
  ↳ app/controllers/api/todos_controller.rb:14
Completed 200 OK in 9ms (Views: 3.6ms | ActiveRecord: 5.3ms)


Started GET "/" for ::1 at 2019-05-09 14:02:23 -0700
Processing by StaticPagesController#root as HTML
  Rendering static_pages/root.html.erb within layouts/application
  Rendered static_pages/root.html.erb within layouts/application (0.7ms)
Completed 200 OK in 1477ms (Views: 1425.6ms | ActiveRecord: 0.0ms)


Started GET "/api/todos" for ::1 at 2019-05-09 14:02:25 -0700
Processing by Api::TodosController#index as JSON
  [1m[36mTodo Load (1.3ms)[0m  [1m[34mSELECT "todos".* FROM "todos"[0m
  ↳ app/controllers/api/todos_controller.rb:14
Completed 200 OK in 7ms (Views: 5.0ms | ActiveRecord: 1.3ms)


Started GET "/" for ::1 at 2019-05-09 14:05:27 -0700
Processing by StaticPagesController#root as HTML
  Rendering static_pages/root.html.erb within layouts/application
  Rendered static_pages/root.html.erb within layouts/application (0.6ms)
Completed 200 OK in 879ms (Views: 864.8ms | ActiveRecord: 0.0ms)


Started GET "/api/todos" for ::1 at 2019-05-09 14:05:45 -0700
Processing by Api::TodosController#index as JSON
  [1m[36mTodo Load (1.2ms)[0m  [1m[34mSELECT "todos".* FROM "todos"[0m
  ↳ app/controllers/api/todos_controller.rb:14
Completed 200 OK in 14ms (Views: 9.6ms | ActiveRecord: 1.2ms)


Started GET "/" for ::1 at 2019-05-09 14:06:42 -0700
Processing by StaticPagesController#root as HTML
  Rendering static_pages/root.html.erb within layouts/application
  Rendered static_pages/root.html.erb within layouts/application (5.3ms)
Completed 200 OK in 934ms (Views: 907.1ms | ActiveRecord: 0.0ms)


Started GET "/api/todos" for ::1 at 2019-05-09 14:06:44 -0700
Processing by Api::TodosController#index as JSON
  [1m[36mTodo Load (2.2ms)[0m  [1m[34mSELECT "todos".* FROM "todos"[0m
  ↳ app/controllers/api/todos_controller.rb:14
Completed 200 OK in 7ms (Views: 4.2ms | ActiveRecord: 2.2ms)


Started GET "/" for ::1 at 2019-05-09 14:10:52 -0700
Processing by StaticPagesController#root as HTML
  Rendering static_pages/root.html.erb within layouts/application
  Rendered static_pages/root.html.erb within layouts/application (2.7ms)
Completed 200 OK in 1249ms (Views: 1229.4ms | ActiveRecord: 0.0ms)


Started GET "/api/todos" for ::1 at 2019-05-09 14:10:53 -0700
Processing by Api::TodosController#index as JSON
  [1m[36mTodo Load (20.6ms)[0m  [1m[34mSELECT "todos".* FROM "todos"[0m
  ↳ app/controllers/api/todos_controller.rb:14
Completed 200 OK in 35ms (Views: 13.6ms | ActiveRecord: 20.6ms)


Started GET "/" for ::1 at 2019-05-09 14:13:45 -0700
Processing by StaticPagesController#root as HTML
  Rendering static_pages/root.html.erb within layouts/application
  Rendered static_pages/root.html.erb within layouts/application (4.4ms)
Completed 200 OK in 1083ms (Views: 1032.0ms | ActiveRecord: 0.0ms)


Started GET "/api/todos" for ::1 at 2019-05-09 14:13:47 -0700
Processing by Api::TodosController#index as JSON
  [1m[36mTodo Load (1.7ms)[0m  [1m[34mSELECT "todos".* FROM "todos"[0m
  ↳ app/controllers/api/todos_controller.rb:14
Completed 200 OK in 9ms (Views: 6.4ms | ActiveRecord: 1.7ms)


Started GET "/" for ::1 at 2019-05-09 14:14:02 -0700
Processing by StaticPagesController#root as HTML
  Rendering static_pages/root.html.erb within layouts/application
  Rendered static_pages/root.html.erb within layouts/application (0.6ms)
Completed 200 OK in 1256ms (Views: 1200.5ms | ActiveRecord: 0.0ms)


Started GET "/api/todos" for ::1 at 2019-05-09 14:14:04 -0700
Processing by Api::TodosController#index as JSON
  [1m[36mTodo Load (1.0ms)[0m  [1m[34mSELECT "todos".* FROM "todos"[0m
  ↳ app/controllers/api/todos_controller.rb:14
Completed 200 OK in 5ms (Views: 3.2ms | ActiveRecord: 1.0ms)


Started GET "/" for ::1 at 2019-05-09 14:14:44 -0700
Processing by StaticPagesController#root as HTML
  Rendering static_pages/root.html.erb within layouts/application
  Rendered static_pages/root.html.erb within layouts/application (0.6ms)
Completed 200 OK in 1476ms (Views: 1403.8ms | ActiveRecord: 0.0ms)


Started GET "/" for ::1 at 2019-05-09 14:14:55 -0700
Processing by StaticPagesController#root as HTML
  Rendering static_pages/root.html.erb within layouts/application
  Rendered static_pages/root.html.erb within layouts/application (0.7ms)
Completed 200 OK in 1670ms (Views: 1663.9ms | ActiveRecord: 0.0ms)


Started GET "/api/todos" for ::1 at 2019-05-09 14:14:57 -0700
Processing by Api::TodosController#index as JSON
  [1m[36mTodo Load (1.5ms)[0m  [1m[34mSELECT "todos".* FROM "todos"[0m
  ↳ app/controllers/api/todos_controller.rb:14
Completed 200 OK in 7ms (Views: 4.9ms | ActiveRecord: 1.5ms)


Started POST "/api/todos" for ::1 at 2019-05-09 14:15:12 -0700
Processing by Api::TodosController#create as JSON
  Parameters: {"id"=>"1557436512202", "title"=>"some title", "body"=>"and some body", "done"=>"false"}
Completed 400 Bad Request in 2ms (ActiveRecord: 0.0ms)



ActionController::ParameterMissing - param is missing or the value is empty: todo:
  app/controllers/api/todos_controller.rb:43:in `todo_params'
  app/controllers/api/todos_controller.rb:4:in `create'

Started GET "/" for ::1 at 2019-05-09 14:15:36 -0700
Processing by StaticPagesController#root as HTML
  Rendering static_pages/root.html.erb within layouts/application
  Rendered static_pages/root.html.erb within layouts/application (0.5ms)
Completed 200 OK in 903ms (Views: 869.6ms | ActiveRecord: 0.0ms)


Started GET "/api/todos" for ::1 at 2019-05-09 14:15:38 -0700
Processing by Api::TodosController#index as JSON
  [1m[36mTodo Load (3.3ms)[0m  [1m[34mSELECT "todos".* FROM "todos"[0m
  ↳ app/controllers/api/todos_controller.rb:14
Completed 200 OK in 10ms (Views: 6.0ms | ActiveRecord: 3.3ms)


Started POST "/api/todos" for ::1 at 2019-05-09 14:18:18 -0700
Processing by Api::TodosController#create as JSON
  Parameters: {"id"=>"1557436545032", "title"=>"a title ", "body"=>"a body", "done"=>"false"}
Completed 400 Bad Request in 10ms (ActiveRecord: 0.0ms)



ActionController::ParameterMissing - param is missing or the value is empty: todo:
  app/controllers/api/todos_controller.rb:43:in `todo_params'
  app/controllers/api/todos_controller.rb:4:in `create'

Started GET "/" for ::1 at 2019-05-09 14:19:57 -0700
Processing by StaticPagesController#root as HTML
  Rendering static_pages/root.html.erb within layouts/application
  Rendered static_pages/root.html.erb within layouts/application (8.4ms)
Completed 200 OK in 961ms (Views: 924.3ms | ActiveRecord: 0.0ms)


Started GET "/api/todos" for ::1 at 2019-05-09 14:19:58 -0700
Processing by Api::TodosController#index as JSON
  [1m[36mTodo Load (14.6ms)[0m  [1m[34mSELECT "todos".* FROM "todos"[0m
  ↳ app/controllers/api/todos_controller.rb:14
Completed 200 OK in 33ms (Views: 15.8ms | ActiveRecord: 14.6ms)


Started GET "/" for ::1 at 2019-05-09 14:20:35 -0700
Processing by StaticPagesController#root as HTML
  Rendering static_pages/root.html.erb within layouts/application
  Rendered static_pages/root.html.erb within layouts/application (0.9ms)
Completed 200 OK in 657ms (Views: 631.3ms | ActiveRecord: 0.0ms)


Started POST "/api/todos" for ::1 at 2019-05-09 14:20:35 -0700
Processing by Api::TodosController#create as JSON
  Parameters: {"id"=>"1557436832212", "title"=>"stupid mistakes", "body"=>"no more of em plz"}
Completed 400 Bad Request in 3ms (ActiveRecord: 0.0ms)



ActionController::ParameterMissing - param is missing or the value is empty: todo:
  app/controllers/api/todos_controller.rb:43:in `todo_params'
  app/controllers/api/todos_controller.rb:4:in `create'

Started GET "/api/todos" for ::1 at 2019-05-09 14:20:36 -0700
Processing by Api::TodosController#index as JSON
  [1m[36mTodo Load (7.6ms)[0m  [1m[34mSELECT "todos".* FROM "todos"[0m
  ↳ app/controllers/api/todos_controller.rb:14
Completed 200 OK in 14ms (Views: 5.3ms | ActiveRecord: 7.6ms)


Started POST "/api/todos" for ::1 at 2019-05-09 14:20:42 -0700
Processing by Api::TodosController#create as JSON
  Parameters: {"id"=>"1557436842955", "title"=>"stupid mistakes", "body"=>"no more of em plz"}
Completed 400 Bad Request in 3ms (ActiveRecord: 0.0ms)



ActionController::ParameterMissing - param is missing or the value is empty: todo:
  app/controllers/api/todos_controller.rb:43:in `todo_params'
  app/controllers/api/todos_controller.rb:4:in `create'

Started GET "/" for ::1 at 2019-05-09 14:23:11 -0700
Processing by StaticPagesController#root as HTML
  Rendering static_pages/root.html.erb within layouts/application
  Rendered static_pages/root.html.erb within layouts/application (0.9ms)
Completed 200 OK in 248ms (Views: 227.4ms | ActiveRecord: 0.0ms)


Started GET "/api/todos" for ::1 at 2019-05-09 14:23:12 -0700
Processing by Api::TodosController#index as JSON
  [1m[36mTodo Load (56.3ms)[0m  [1m[34mSELECT "todos".* FROM "todos"[0m
  ↳ app/controllers/api/todos_controller.rb:15
Completed 200 OK in 543ms (Views: 23.5ms | ActiveRecord: 487.7ms)


Started POST "/api/todos" for ::1 at 2019-05-09 14:23:19 -0700
Processing by Api::TodosController#create as JSON
  Parameters: {"id"=>"1557436999578", "title"=>"a title", "body"=>"a body"}
Completed 400 Bad Request in 95335ms (ActiveRecord: 0.0ms)



ActionController::ParameterMissing - param is missing or the value is empty: todo:
  app/controllers/api/todos_controller.rb:44:in `todo_params'
  app/controllers/api/todos_controller.rb:5:in `create'

Started GET "/" for ::1 at 2019-05-09 14:25:11 -0700
Processing by StaticPagesController#root as HTML
  Rendering static_pages/root.html.erb within layouts/application
  Rendered static_pages/root.html.erb within layouts/application (0.8ms)
Completed 200 OK in 1295ms (Views: 1274.1ms | ActiveRecord: 0.0ms)


Started GET "/api/todos" for ::1 at 2019-05-09 14:25:14 -0700
Processing by Api::TodosController#index as JSON
  [1m[36mTodo Load (3.2ms)[0m  [1m[34mSELECT "todos".* FROM "todos"[0m
  ↳ app/controllers/api/todos_controller.rb:14
Completed 200 OK in 393ms (Views: 28.6ms | ActiveRecord: 72.4ms)


Started POST "/api/todos" for ::1 at 2019-05-09 14:25:21 -0700
Processing by Api::TodosController#create as JSON
  Parameters: {"id"=>"1557437121125", "title"=>"stupid mistake", "body"=>"no more of em"}
Completed 400 Bad Request in 2ms (ActiveRecord: 0.0ms)



ActionController::ParameterMissing - param is missing or the value is empty: todo:
  app/controllers/api/todos_controller.rb:43:in `todo_params'
  app/controllers/api/todos_controller.rb:4:in `create'

Started GET "/" for ::1 at 2019-05-09 14:25:38 -0700
Processing by StaticPagesController#root as HTML
  Rendering static_pages/root.html.erb within layouts/application
  Rendered static_pages/root.html.erb within layouts/application (0.7ms)
Completed 200 OK in 235ms (Views: 210.9ms | ActiveRecord: 0.0ms)


Started GET "/api/todos" for ::1 at 2019-05-09 14:25:40 -0700
Processing by Api::TodosController#index as JSON
  [1m[36mTodo Load (8.3ms)[0m  [1m[34mSELECT "todos".* FROM "todos"[0m
  ↳ app/controllers/api/todos_controller.rb:15
Completed 200 OK in 155ms (Views: 42.3ms | ActiveRecord: 8.3ms)


Started POST "/api/todos" for ::1 at 2019-05-09 14:25:45 -0700
Processing by Api::TodosController#create as JSON
  Parameters: {"id"=>"1557437145639", "title"=>"t", "body"=>"b"}
Completed 400 Bad Request in 225762ms (ActiveRecord: 0.0ms)



ActionController::ParameterMissing - param is missing or the value is empty: todo:
  app/controllers/api/todos_controller.rb:44:in `todo_params'
  app/controllers/api/todos_controller.rb:5:in `create'

Started GET "/" for ::1 at 2019-05-09 14:29:31 -0700
Processing by StaticPagesController#root as HTML
  Rendering static_pages/root.html.erb within layouts/application
  Rendered static_pages/root.html.erb within layouts/application (5.3ms)
Completed 200 OK in 1006ms (Views: 872.4ms | ActiveRecord: 0.0ms)


Started GET "/api/todos" for ::1 at 2019-05-09 14:29:33 -0700
Processing by Api::TodosController#index as JSON
  [1m[36mTodo Load (104.7ms)[0m  [1m[34mSELECT "todos".* FROM "todos"[0m
  ↳ app/controllers/api/todos_controller.rb:15
Completed 200 OK in 137ms (Views: 18.1ms | ActiveRecord: 104.7ms)


Started GET "/" for ::1 at 2019-05-09 14:29:43 -0700
Processing by StaticPagesController#root as HTML
  Rendering static_pages/root.html.erb within layouts/application
  Rendered static_pages/root.html.erb within layouts/application (0.9ms)
Completed 200 OK in 1027ms (Views: 1018.3ms | ActiveRecord: 0.0ms)


Started GET "/api/todos" for ::1 at 2019-05-09 14:29:45 -0700
Processing by Api::TodosController#index as JSON
  [1m[36mTodo Load (30.2ms)[0m  [1m[34mSELECT "todos".* FROM "todos"[0m
  ↳ app/controllers/api/todos_controller.rb:14
Completed 200 OK in 149ms (Views: 67.3ms | ActiveRecord: 30.2ms)


Started POST "/api/todos" for ::1 at 2019-05-09 14:30:27 -0700
Processing by Api::TodosController#create as JSON
  Parameters: {"todo"=>{"id"=>"1557437427126", "title"=>"stupid mistakes", "body"=>"no more of em "}}
Unpermitted parameter: :id
  [1m[35m (15.7ms)[0m  [1m[35mBEGIN[0m
  ↳ app/controllers/api/todos_controller.rb:5
  [1m[36mTodo Create (222.7ms)[0m  [1m[32mINSERT INTO "todos" ("title", "body", "created_at", "updated_at") VALUES ($1, $2, $3, $4) RETURNING "id"[0m  [["title", "stupid mistakes"], ["body", "no more of em "], ["created_at", "2019-05-09 21:30:27.206244"], ["updated_at", "2019-05-09 21:30:27.206244"]]
  ↳ app/controllers/api/todos_controller.rb:5
  [1m[35m (53.9ms)[0m  [1m[35mCOMMIT[0m
  ↳ app/controllers/api/todos_controller.rb:5
Completed 200 OK in 323ms (Views: 3.1ms | ActiveRecord: 292.3ms)


Started GET "/" for ::1 at 2019-05-09 14:30:44 -0700
Processing by StaticPagesController#root as HTML
  Rendering static_pages/root.html.erb within layouts/application
  Rendered static_pages/root.html.erb within layouts/application (4.6ms)
Completed 200 OK in 298ms (Views: 277.7ms | ActiveRecord: 0.0ms)


Started GET "/api/todos" for ::1 at 2019-05-09 14:30:44 -0700
Processing by Api::TodosController#index as JSON
  [1m[36mTodo Load (11.0ms)[0m  [1m[34mSELECT "todos".* FROM "todos"[0m
  ↳ app/controllers/api/todos_controller.rb:14
Completed 200 OK in 23ms (Views: 11.2ms | ActiveRecord: 11.0ms)


Started POST "/api/todos" for ::1 at 2019-05-09 14:31:03 -0700
Processing by Api::TodosController#create as JSON
  Parameters: {"todo"=>{"id"=>"1557437463367", "title"=>"ITS ALIVE", "body"=>""}}
Unpermitted parameter: :id
  [1m[35m (0.3ms)[0m  [1m[35mBEGIN[0m
  ↳ app/controllers/api/todos_controller.rb:5
  [1m[35m (0.3ms)[0m  [1m[31mROLLBACK[0m
  ↳ app/controllers/api/todos_controller.rb:5
Completed 422 Unprocessable Entity in 219ms (Views: 0.4ms | ActiveRecord: 0.6ms)


Started POST "/api/todos" for ::1 at 2019-05-09 14:31:10 -0700
Processing by Api::TodosController#create as JSON
  Parameters: {"todo"=>{"id"=>"1557437470264", "title"=>"ITS ALIVE", "body"=>"!!!!!!!"}}
Unpermitted parameter: :id
  [1m[35m (0.2ms)[0m  [1m[35mBEGIN[0m
  ↳ app/controllers/api/todos_controller.rb:5
  [1m[36mTodo Create (0.8ms)[0m  [1m[32mINSERT INTO "todos" ("title", "body", "created_at", "updated_at") VALUES ($1, $2, $3, $4) RETURNING "id"[0m  [["title", "ITS ALIVE"], ["body", "!!!!!!!"], ["created_at", "2019-05-09 21:31:10.276408"], ["updated_at", "2019-05-09 21:31:10.276408"]]
  ↳ app/controllers/api/todos_controller.rb:5
  [1m[35m (0.6ms)[0m  [1m[35mCOMMIT[0m
  ↳ app/controllers/api/todos_controller.rb:5
Completed 200 OK in 9ms (Views: 1.0ms | ActiveRecord: 1.6ms)


Started GET "/" for ::1 at 2019-05-09 14:34:43 -0700
Processing by StaticPagesController#root as HTML
  Rendering static_pages/root.html.erb within layouts/application
  Rendered static_pages/root.html.erb within layouts/application (1.8ms)
Completed 200 OK in 439ms (Views: 429.2ms | ActiveRecord: 0.0ms)


Started GET "/api/todos" for ::1 at 2019-05-09 14:34:44 -0700
Processing by Api::TodosController#index as JSON
  [1m[36mTodo Load (11.4ms)[0m  [1m[34mSELECT "todos".* FROM "todos"[0m
  ↳ app/controllers/api/todos_controller.rb:14
Completed 200 OK in 19ms (Views: 6.1ms | ActiveRecord: 11.4ms)


Started POST "/api/todos" for ::1 at 2019-05-09 14:43:14 -0700
Processing by Api::TodosController#create as JSON
  Parameters: {"todo"=>{"id"=>"1557438194636", "title"=>"cats", "body"=>"feed those guys"}}
Unpermitted parameter: :id
  [1m[35m (0.5ms)[0m  [1m[35mBEGIN[0m
  ↳ app/controllers/api/todos_controller.rb:5
  [1m[36mTodo Create (4.0ms)[0m  [1m[32mINSERT INTO "todos" ("title", "body", "created_at", "updated_at") VALUES ($1, $2, $3, $4) RETURNING "id"[0m  [["title", "cats"], ["body", "feed those guys"], ["created_at", "2019-05-09 21:43:14.866708"], ["updated_at", "2019-05-09 21:43:14.866708"]]
  ↳ app/controllers/api/todos_controller.rb:5
  [1m[35m (23.0ms)[0m  [1m[35mCOMMIT[0m
  ↳ app/controllers/api/todos_controller.rb:5
Completed 200 OK in 83ms (Views: 7.1ms | ActiveRecord: 27.5ms)


Started POST "/api/todos" for ::1 at 2019-05-09 14:43:27 -0700
Processing by Api::TodosController#create as JSON
  Parameters: {"todo"=>{"id"=>"1557438207450", "title"=>"", "body"=>""}}
Unpermitted parameter: :id
  [1m[35m (0.4ms)[0m  [1m[35mBEGIN[0m
  ↳ app/controllers/api/todos_controller.rb:5
  [1m[35m (0.4ms)[0m  [1m[31mROLLBACK[0m
  ↳ app/controllers/api/todos_controller.rb:5
Completed 422 Unprocessable Entity in 23ms (Views: 0.4ms | ActiveRecord: 0.8ms)


Started GET "/" for ::1 at 2019-05-09 14:43:36 -0700
Processing by StaticPagesController#root as HTML
  Rendering static_pages/root.html.erb within layouts/application
  Rendered static_pages/root.html.erb within layouts/application (5.3ms)
Completed 200 OK in 273ms (Views: 250.3ms | ActiveRecord: 0.0ms)


Started GET "/api/todos" for ::1 at 2019-05-09 14:43:37 -0700
Processing by Api::TodosController#index as JSON
  [1m[36mTodo Load (4.3ms)[0m  [1m[34mSELECT "todos".* FROM "todos"[0m
  ↳ app/controllers/api/todos_controller.rb:14
Completed 200 OK in 29ms (Views: 23.8ms | ActiveRecord: 4.3ms)


Started GET "/" for ::1 at 2019-05-09 15:16:21 -0700
Processing by StaticPagesController#root as HTML
  Rendering static_pages/root.html.erb within layouts/application
  Rendered static_pages/root.html.erb within layouts/application (3.9ms)
Completed 200 OK in 1048ms (Views: 962.4ms | ActiveRecord: 0.0ms)


Started GET "/api/todos" for ::1 at 2019-05-09 15:16:23 -0700
Processing by Api::TodosController#index as JSON
  [1m[36mTodo Load (56.3ms)[0m  [1m[34mSELECT "todos".* FROM "todos"[0m
  ↳ app/controllers/api/todos_controller.rb:14
Completed 200 OK in 70ms (Views: 12.0ms | ActiveRecord: 56.3ms)


Started POST "/api/todos" for ::1 at 2019-05-09 15:16:25 -0700
Processing by Api::TodosController#create as JSON
  Parameters: {"todo"=>{"id"=>"1557440185201", "title"=>"", "body"=>""}}
Unpermitted parameter: :id
  [1m[35m (0.6ms)[0m  [1m[35mBEGIN[0m
  ↳ app/controllers/api/todos_controller.rb:5
  [1m[35m (2.2ms)[0m  [1m[31mROLLBACK[0m
  ↳ app/controllers/api/todos_controller.rb:5
Completed 422 Unprocessable Entity in 23ms (Views: 0.7ms | ActiveRecord: 2.8ms)


Started GET "/" for ::1 at 2019-05-09 15:16:48 -0700
Processing by StaticPagesController#root as HTML
  Rendering static_pages/root.html.erb within layouts/application
  Rendered static_pages/root.html.erb within layouts/application (2.4ms)
Completed 200 OK in 988ms (Views: 970.1ms | ActiveRecord: 0.0ms)


Started GET "/api/todos" for ::1 at 2019-05-09 15:16:50 -0700
Processing by Api::TodosController#index as JSON
  [1m[36mTodo Load (10.7ms)[0m  [1m[34mSELECT "todos".* FROM "todos"[0m
  ↳ app/controllers/api/todos_controller.rb:14
Completed 200 OK in 57ms (Views: 45.0ms | ActiveRecord: 10.7ms)


Started POST "/api/todos" for ::1 at 2019-05-09 15:16:51 -0700
Processing by Api::TodosController#create as JSON
  Parameters: {"todo"=>{"id"=>"1557440211542", "title"=>"", "body"=>""}}
Unpermitted parameter: :id
  [1m[35m (0.4ms)[0m  [1m[35mBEGIN[0m
  ↳ app/controllers/api/todos_controller.rb:5
  [1m[35m (0.3ms)[0m  [1m[31mROLLBACK[0m
  ↳ app/controllers/api/todos_controller.rb:5
Completed 422 Unprocessable Entity in 12ms (Views: 0.4ms | ActiveRecord: 0.7ms)


Started GET "/" for ::1 at 2019-05-09 15:22:16 -0700
Processing by StaticPagesController#root as HTML
  Rendering static_pages/root.html.erb within layouts/application
  Rendered static_pages/root.html.erb within layouts/application (3.5ms)
Completed 200 OK in 886ms (Views: 869.7ms | ActiveRecord: 0.0ms)


Started GET "/api/todos" for ::1 at 2019-05-09 15:22:21 -0700
Processing by Api::TodosController#index as JSON
  [1m[36mTodo Load (3.0ms)[0m  [1m[34mSELECT "todos".* FROM "todos"[0m
  ↳ app/controllers/api/todos_controller.rb:14
Completed 200 OK in 21ms (Views: 16.0ms | ActiveRecord: 3.0ms)


Started POST "/api/todos" for ::1 at 2019-05-09 15:22:24 -0700
Processing by Api::TodosController#create as JSON
  Parameters: {"todo"=>{"id"=>"1557440544661", "title"=>"", "body"=>""}}
Unpermitted parameter: :id
  [1m[35m (1.0ms)[0m  [1m[35mBEGIN[0m
  ↳ app/controllers/api/todos_controller.rb:5
  [1m[35m (1.6ms)[0m  [1m[31mROLLBACK[0m
  ↳ app/controllers/api/todos_controller.rb:5
Completed 422 Unprocessable Entity in 16ms (Views: 0.4ms | ActiveRecord: 2.5ms)


Started GET "/" for ::1 at 2019-05-09 15:23:43 -0700
Processing by StaticPagesController#root as HTML
  Rendering static_pages/root.html.erb within layouts/application
  Rendered static_pages/root.html.erb within layouts/application (3.3ms)
Completed 200 OK in 1759ms (Views: 1721.1ms | ActiveRecord: 0.0ms)


Started GET "/api/todos" for ::1 at 2019-05-09 15:23:45 -0700
Processing by Api::TodosController#index as JSON
  [1m[36mTodo Load (1.7ms)[0m  [1m[34mSELECT "todos".* FROM "todos"[0m
  ↳ app/controllers/api/todos_controller.rb:14
Completed 200 OK in 12ms (Views: 9.6ms | ActiveRecord: 1.7ms)


Started POST "/api/todos" for ::1 at 2019-05-09 15:23:47 -0700
Processing by Api::TodosController#create as JSON
  Parameters: {"todo"=>{"id"=>"1557440627506", "title"=>"", "body"=>""}}
Unpermitted parameter: :id
  [1m[35m (0.3ms)[0m  [1m[35mBEGIN[0m
  ↳ app/controllers/api/todos_controller.rb:5
  [1m[35m (0.3ms)[0m  [1m[31mROLLBACK[0m
  ↳ app/controllers/api/todos_controller.rb:5
Completed 422 Unprocessable Entity in 10ms (Views: 0.3ms | ActiveRecord: 0.6ms)


Started POST "/api/todos" for ::1 at 2019-05-09 15:24:00 -0700
Processing by Api::TodosController#create as JSON
  Parameters: {"todo"=>{"id"=>"1557440640879", "title"=>"qre", "body"=>""}}
Unpermitted parameter: :id
  [1m[35m (0.3ms)[0m  [1m[35mBEGIN[0m
  ↳ app/controllers/api/todos_controller.rb:5
  [1m[35m (3.6ms)[0m  [1m[31mROLLBACK[0m
  ↳ app/controllers/api/todos_controller.rb:5
Completed 422 Unprocessable Entity in 13ms (Views: 0.5ms | ActiveRecord: 3.9ms)


Started GET "/" for ::1 at 2019-05-09 15:24:02 -0700
Processing by StaticPagesController#root as HTML
  Rendering static_pages/root.html.erb within layouts/application
  Rendered static_pages/root.html.erb within layouts/application (0.6ms)
Completed 200 OK in 150ms (Views: 144.7ms | ActiveRecord: 0.0ms)


Started GET "/api/todos" for ::1 at 2019-05-09 15:24:03 -0700
Processing by Api::TodosController#index as JSON
  [1m[36mTodo Load (8.1ms)[0m  [1m[34mSELECT "todos".* FROM "todos"[0m
  ↳ app/controllers/api/todos_controller.rb:14
Completed 200 OK in 14ms (Views: 5.5ms | ActiveRecord: 8.1ms)


Started GET "/" for ::1 at 2019-05-09 15:24:28 -0700
Processing by StaticPagesController#root as HTML
  Rendering static_pages/root.html.erb within layouts/application
  Rendered static_pages/root.html.erb within layouts/application (1.2ms)
Completed 200 OK in 674ms (Views: 661.1ms | ActiveRecord: 0.0ms)


Started GET "/" for ::1 at 2019-05-09 15:25:20 -0700
Processing by StaticPagesController#root as HTML
  Rendering static_pages/root.html.erb within layouts/application
  Rendered static_pages/root.html.erb within layouts/application (6.4ms)
Completed 200 OK in 1411ms (Views: 1384.6ms | ActiveRecord: 0.0ms)


Started GET "/api/todos" for ::1 at 2019-05-09 15:25:22 -0700
Processing by Api::TodosController#index as JSON
  [1m[36mTodo Load (155.5ms)[0m  [1m[34mSELECT "todos".* FROM "todos"[0m
  ↳ app/controllers/api/todos_controller.rb:14
Completed 200 OK in 184ms (Views: 24.9ms | ActiveRecord: 155.5ms)


Started GET "/" for ::1 at 2019-05-09 15:25:41 -0700
Processing by StaticPagesController#root as HTML
  Rendering static_pages/root.html.erb within layouts/application
  Rendered static_pages/root.html.erb within layouts/application (0.6ms)
Completed 200 OK in 873ms (Views: 844.4ms | ActiveRecord: 0.0ms)


Started GET "/" for ::1 at 2019-05-09 15:26:07 -0700
Processing by StaticPagesController#root as HTML
  Rendering static_pages/root.html.erb within layouts/application
  Rendered static_pages/root.html.erb within layouts/application (0.9ms)
Completed 200 OK in 1579ms (Views: 1516.8ms | ActiveRecord: 0.0ms)


Started GET "/api/todos" for ::1 at 2019-05-09 15:26:09 -0700
Processing by Api::TodosController#index as JSON
  [1m[36mTodo Load (38.6ms)[0m  [1m[34mSELECT "todos".* FROM "todos"[0m
  ↳ app/controllers/api/todos_controller.rb:14
Completed 200 OK in 66ms (Views: 26.0ms | ActiveRecord: 38.6ms)


Started POST "/api/todos" for ::1 at 2019-05-09 15:26:29 -0700
Processing by Api::TodosController#create as JSON
  Parameters: {"todo"=>{"id"=>"1557440789276", "title"=>"", "body"=>""}}
Unpermitted parameter: :id
  [1m[35m (0.3ms)[0m  [1m[35mBEGIN[0m
  ↳ app/controllers/api/todos_controller.rb:5
  [1m[35m (0.3ms)[0m  [1m[31mROLLBACK[0m
  ↳ app/controllers/api/todos_controller.rb:5
Completed 422 Unprocessable Entity in 15ms (Views: 0.3ms | ActiveRecord: 0.6ms)


Started GET "/" for ::1 at 2019-05-09 15:34:01 -0700
Processing by StaticPagesController#root as HTML
  Rendering static_pages/root.html.erb within layouts/application
  Rendered static_pages/root.html.erb within layouts/application (4.4ms)
Completed 200 OK in 960ms (Views: 936.1ms | ActiveRecord: 0.0ms)


Started GET "/api/todos" for ::1 at 2019-05-09 15:34:11 -0700
Processing by Api::TodosController#index as JSON
  [1m[36mTodo Load (53.3ms)[0m  [1m[34mSELECT "todos".* FROM "todos"[0m
  ↳ app/controllers/api/todos_controller.rb:14
Completed 200 OK in 87ms (Views: 27.2ms | ActiveRecord: 53.3ms)


Started POST "/api/todos" for ::1 at 2019-05-09 15:34:15 -0700
Processing by Api::TodosController#create as JSON
  Parameters: {"todo"=>{"id"=>"1557441255057", "title"=>"", "body"=>""}}
Unpermitted parameter: :id
  [1m[35m (0.3ms)[0m  [1m[35mBEGIN[0m
  ↳ app/controllers/api/todos_controller.rb:5
  [1m[35m (0.4ms)[0m  [1m[31mROLLBACK[0m
  ↳ app/controllers/api/todos_controller.rb:5
Completed 422 Unprocessable Entity in 24ms (Views: 0.4ms | ActiveRecord: 0.7ms)


Started GET "/" for ::1 at 2019-05-09 15:35:31 -0700
Processing by StaticPagesController#root as HTML
  Rendering static_pages/root.html.erb within layouts/application
  Rendered static_pages/root.html.erb within layouts/application (2.7ms)
Completed 200 OK in 1024ms (Views: 998.6ms | ActiveRecord: 0.0ms)


Started GET "/api/todos" for ::1 at 2019-05-09 15:35:38 -0700
Processing by Api::TodosController#index as JSON
  [1m[36mTodo Load (1.1ms)[0m  [1m[34mSELECT "todos".* FROM "todos"[0m
  ↳ app/controllers/api/todos_controller.rb:14
Completed 200 OK in 7ms (Views: 5.6ms | ActiveRecord: 1.1ms)


Started POST "/api/todos" for ::1 at 2019-05-09 15:35:43 -0700
Processing by Api::TodosController#create as JSON
  Parameters: {"todo"=>{"id"=>"1557441343681", "title"=>"", "body"=>""}}
Unpermitted parameter: :id
  [1m[35m (0.4ms)[0m  [1m[35mBEGIN[0m
  ↳ app/controllers/api/todos_controller.rb:5
  [1m[35m (0.5ms)[0m  [1m[31mROLLBACK[0m
  ↳ app/controllers/api/todos_controller.rb:5
Completed 422 Unprocessable Entity in 9ms (Views: 0.4ms | ActiveRecord: 0.8ms)


Started POST "/api/todos" for ::1 at 2019-05-09 15:35:51 -0700
Processing by Api::TodosController#create as JSON
  Parameters: {"todo"=>{"id"=>"1557441351971", "title"=>"", "body"=>""}}
Unpermitted parameter: :id
  [1m[35m (0.3ms)[0m  [1m[35mBEGIN[0m
  ↳ app/controllers/api/todos_controller.rb:5
  [1m[35m (0.3ms)[0m  [1m[31mROLLBACK[0m
  ↳ app/controllers/api/todos_controller.rb:5
Completed 422 Unprocessable Entity in 10ms (Views: 0.3ms | ActiveRecord: 0.6ms)


Started POST "/api/todos" for ::1 at 2019-05-09 15:36:20 -0700
Processing by Api::TodosController#create as JSON
  Parameters: {"todo"=>{"id"=>"1557441380973", "title"=>"", "body"=>""}}
Unpermitted parameter: :id
  [1m[35m (0.5ms)[0m  [1m[35mBEGIN[0m
  ↳ app/controllers/api/todos_controller.rb:5
  [1m[35m (0.3ms)[0m  [1m[31mROLLBACK[0m
  ↳ app/controllers/api/todos_controller.rb:5
Completed 422 Unprocessable Entity in 11ms (Views: 0.4ms | ActiveRecord: 0.8ms)


Started GET "/" for ::1 at 2019-05-09 15:49:35 -0700
Processing by StaticPagesController#root as HTML
  Rendering static_pages/root.html.erb within layouts/application
  Rendered static_pages/root.html.erb within layouts/application (6.2ms)
Completed 200 OK in 972ms (Views: 952.8ms | ActiveRecord: 0.0ms)


Started GET "/" for ::1 at 2019-05-09 15:49:52 -0700
Processing by StaticPagesController#root as HTML
  Rendering static_pages/root.html.erb within layouts/application
  Rendered static_pages/root.html.erb within layouts/application (2.5ms)
Completed 200 OK in 1710ms (Views: 1652.5ms | ActiveRecord: 0.0ms)


Started GET "/" for ::1 at 2019-05-09 15:50:40 -0700
Processing by StaticPagesController#root as HTML
  Rendering static_pages/root.html.erb within layouts/application
  Rendered static_pages/root.html.erb within layouts/application (1.6ms)
Completed 200 OK in 1119ms (Views: 1091.0ms | ActiveRecord: 0.0ms)


Started GET "/" for ::1 at 2019-05-09 15:51:02 -0700
Processing by StaticPagesController#root as HTML
  Rendering static_pages/root.html.erb within layouts/application
  Rendered static_pages/root.html.erb within layouts/application (4.1ms)
Completed 200 OK in 1008ms (Views: 961.4ms | ActiveRecord: 0.0ms)


Started GET "/api/todos" for ::1 at 2019-05-09 15:51:04 -0700
Processing by Api::TodosController#index as JSON
  [1m[36mTodo Load (5.3ms)[0m  [1m[34mSELECT "todos".* FROM "todos"[0m
  ↳ app/controllers/api/todos_controller.rb:14
Completed 200 OK in 17ms (Views: 10.5ms | ActiveRecord: 5.3ms)


Started POST "/api/todos" for ::1 at 2019-05-09 15:51:06 -0700
Processing by Api::TodosController#create as JSON
  Parameters: {"todo"=>{"id"=>"1557442266581", "title"=>"", "body"=>""}}
Unpermitted parameter: :id
  [1m[35m (0.8ms)[0m  [1m[35mBEGIN[0m
  ↳ app/controllers/api/todos_controller.rb:5
  [1m[35m (0.8ms)[0m  [1m[31mROLLBACK[0m
  ↳ app/controllers/api/todos_controller.rb:5
Completed 422 Unprocessable Entity in 17ms (Views: 0.4ms | ActiveRecord: 1.6ms)


Started POST "/api/todos" for ::1 at 2019-05-09 15:51:10 -0700
Processing by Api::TodosController#create as JSON
  Parameters: {"todo"=>{"id"=>"1557442270971", "title"=>"", "body"=>""}}
Unpermitted parameter: :id
  [1m[35m (0.3ms)[0m  [1m[35mBEGIN[0m
  ↳ app/controllers/api/todos_controller.rb:5
  [1m[35m (0.3ms)[0m  [1m[31mROLLBACK[0m
  ↳ app/controllers/api/todos_controller.rb:5
Completed 422 Unprocessable Entity in 9ms (Views: 0.5ms | ActiveRecord: 0.6ms)


Started POST "/api/todos" for ::1 at 2019-05-09 15:51:11 -0700
Processing by Api::TodosController#create as JSON
  Parameters: {"todo"=>{"id"=>"1557442271628", "title"=>"", "body"=>""}}
Unpermitted parameter: :id
  [1m[35m (1.6ms)[0m  [1m[35mBEGIN[0m
  ↳ app/controllers/api/todos_controller.rb:5
  [1m[35m (0.3ms)[0m  [1m[31mROLLBACK[0m
  ↳ app/controllers/api/todos_controller.rb:5
Completed 422 Unprocessable Entity in 12ms (Views: 0.2ms | ActiveRecord: 1.8ms)


Started POST "/api/todos" for ::1 at 2019-05-09 15:51:11 -0700
Processing by Api::TodosController#create as JSON
  Parameters: {"todo"=>{"id"=>"1557442271804", "title"=>"", "body"=>""}}
Unpermitted parameter: :id
  [1m[35m (5.9ms)[0m  [1m[35mBEGIN[0m
  ↳ app/controllers/api/todos_controller.rb:5
  [1m[35m (0.4ms)[0m  [1m[31mROLLBACK[0m
  ↳ app/controllers/api/todos_controller.rb:5
Completed 422 Unprocessable Entity in 18ms (Views: 0.4ms | ActiveRecord: 6.3ms)


Started GET "/" for ::1 at 2019-05-09 15:52:16 -0700
Processing by StaticPagesController#root as HTML
  Rendering static_pages/root.html.erb within layouts/application
  Rendered static_pages/root.html.erb within layouts/application (0.7ms)
Completed 200 OK in 1364ms (Views: 1347.1ms | ActiveRecord: 0.0ms)


Started GET "/api/todos" for ::1 at 2019-05-09 15:52:19 -0700
Processing by Api::TodosController#index as JSON
  [1m[36mTodo Load (1.5ms)[0m  [1m[34mSELECT "todos".* FROM "todos"[0m
  ↳ app/controllers/api/todos_controller.rb:14
Completed 200 OK in 11ms (Views: 8.2ms | ActiveRecord: 1.5ms)


Started POST "/api/todos" for ::1 at 2019-05-09 15:52:22 -0700
Processing by Api::TodosController#create as JSON
  Parameters: {"todo"=>{"id"=>"1557442342040", "title"=>"", "body"=>""}}
Unpermitted parameter: :id
  [1m[35m (0.2ms)[0m  [1m[35mBEGIN[0m
  ↳ app/controllers/api/todos_controller.rb:5
  [1m[35m (0.3ms)[0m  [1m[31mROLLBACK[0m
  ↳ app/controllers/api/todos_controller.rb:5
Completed 422 Unprocessable Entity in 10ms (Views: 0.4ms | ActiveRecord: 0.5ms)


Started GET "/" for ::1 at 2019-05-09 15:52:58 -0700
Processing by StaticPagesController#root as HTML
  Rendering static_pages/root.html.erb within layouts/application
  Rendered static_pages/root.html.erb within layouts/application (1.2ms)
Completed 200 OK in 722ms (Views: 712.1ms | ActiveRecord: 0.0ms)


Started GET "/api/todos" for ::1 at 2019-05-09 15:53:00 -0700
Processing by Api::TodosController#index as JSON
  [1m[36mTodo Load (0.8ms)[0m  [1m[34mSELECT "todos".* FROM "todos"[0m
  ↳ app/controllers/api/todos_controller.rb:14
Completed 200 OK in 6ms (Views: 5.1ms | ActiveRecord: 0.8ms)


Started POST "/api/todos" for ::1 at 2019-05-09 15:53:01 -0700
Processing by Api::TodosController#create as JSON
  Parameters: {"todo"=>{"id"=>"1557442381437", "title"=>"", "body"=>""}}
Unpermitted parameter: :id
  [1m[35m (0.4ms)[0m  [1m[35mBEGIN[0m
  ↳ app/controllers/api/todos_controller.rb:5
  [1m[35m (1.2ms)[0m  [1m[31mROLLBACK[0m
  ↳ app/controllers/api/todos_controller.rb:5
Completed 422 Unprocessable Entity in 16ms (Views: 0.6ms | ActiveRecord: 1.6ms)


Started GET "/" for ::1 at 2019-05-09 15:54:48 -0700
Processing by StaticPagesController#root as HTML
  Rendering static_pages/root.html.erb within layouts/application
  Rendered static_pages/root.html.erb within layouts/application (6.0ms)
Completed 200 OK in 1260ms (Views: 1159.6ms | ActiveRecord: 0.0ms)


Started GET "/api/todos" for ::1 at 2019-05-09 15:54:53 -0700
Processing by Api::TodosController#index as JSON
  [1m[36mTodo Load (13.9ms)[0m  [1m[34mSELECT "todos".* FROM "todos"[0m
  ↳ app/controllers/api/todos_controller.rb:14
Completed 200 OK in 29ms (Views: 13.5ms | ActiveRecord: 13.9ms)


Started POST "/api/todos" for ::1 at 2019-05-09 15:54:56 -0700
Processing by Api::TodosController#create as JSON
  Parameters: {"todo"=>{"id"=>"1557442496185", "title"=>"", "body"=>""}}
Unpermitted parameter: :id
  [1m[35m (0.3ms)[0m  [1m[35mBEGIN[0m
  ↳ app/controllers/api/todos_controller.rb:5
  [1m[35m (0.4ms)[0m  [1m[31mROLLBACK[0m
  ↳ app/controllers/api/todos_controller.rb:5
Completed 422 Unprocessable Entity in 11ms (Views: 0.3ms | ActiveRecord: 0.7ms)


Started GET "/" for ::1 at 2019-05-09 15:55:50 -0700
Processing by StaticPagesController#root as HTML
  Rendering static_pages/root.html.erb within layouts/application
  Rendered static_pages/root.html.erb within layouts/application (1.8ms)
Completed 200 OK in 681ms (Views: 666.2ms | ActiveRecord: 0.0ms)


Started GET "/api/todos" for ::1 at 2019-05-09 15:55:51 -0700
Processing by Api::TodosController#index as JSON
  [1m[36mTodo Load (4.8ms)[0m  [1m[34mSELECT "todos".* FROM "todos"[0m
  ↳ app/controllers/api/todos_controller.rb:14
Completed 200 OK in 29ms (Views: 22.4ms | ActiveRecord: 4.8ms)


Started GET "/" for ::1 at 2019-05-09 15:55:55 -0700
Processing by StaticPagesController#root as HTML
  Rendering static_pages/root.html.erb within layouts/application
  Rendered static_pages/root.html.erb within layouts/application (0.6ms)
Completed 200 OK in 57ms (Views: 52.6ms | ActiveRecord: 0.0ms)


Started GET "/api/todos" for ::1 at 2019-05-09 15:55:55 -0700
Processing by Api::TodosController#index as JSON
  [1m[36mTodo Load (52.5ms)[0m  [1m[34mSELECT "todos".* FROM "todos"[0m
  ↳ app/controllers/api/todos_controller.rb:14
Completed 200 OK in 59ms (Views: 5.6ms | ActiveRecord: 52.5ms)


Started POST "/api/todos" for ::1 at 2019-05-09 15:55:57 -0700
Processing by Api::TodosController#create as JSON
  Parameters: {"todo"=>{"id"=>"1557442557437", "title"=>"", "body"=>""}}
Unpermitted parameter: :id
  [1m[35m (0.3ms)[0m  [1m[35mBEGIN[0m
  ↳ app/controllers/api/todos_controller.rb:5
  [1m[35m (0.3ms)[0m  [1m[31mROLLBACK[0m
  ↳ app/controllers/api/todos_controller.rb:5
Completed 422 Unprocessable Entity in 8ms (Views: 0.2ms | ActiveRecord: 0.6ms)


Started GET "/" for ::1 at 2019-05-09 15:59:58 -0700
Processing by StaticPagesController#root as HTML
  Rendering static_pages/root.html.erb within layouts/application
  Rendered static_pages/root.html.erb within layouts/application (2.1ms)
Completed 200 OK in 1517ms (Views: 1483.1ms | ActiveRecord: 0.0ms)


Started GET "/api/todos" for ::1 at 2019-05-09 16:00:00 -0700
Processing by Api::TodosController#index as JSON
  [1m[36mTodo Load (6.0ms)[0m  [1m[34mSELECT "todos".* FROM "todos"[0m
  ↳ app/controllers/api/todos_controller.rb:14
Completed 200 OK in 15ms (Views: 8.4ms | ActiveRecord: 6.0ms)


Started POST "/api/todos" for ::1 at 2019-05-09 16:00:02 -0700
Processing by Api::TodosController#create as JSON
  Parameters: {"todo"=>{"id"=>"1557442802022", "title"=>"", "body"=>""}}
Unpermitted parameter: :id
  [1m[35m (17.5ms)[0m  [1m[35mBEGIN[0m
  ↳ app/controllers/api/todos_controller.rb:5
  [1m[35m (8.4ms)[0m  [1m[31mROLLBACK[0m
  ↳ app/controllers/api/todos_controller.rb:5
Completed 422 Unprocessable Entity in 41ms (Views: 0.4ms | ActiveRecord: 25.9ms)


Started GET "/" for ::1 at 2019-05-09 16:01:32 -0700
Processing by StaticPagesController#root as HTML
  Rendering static_pages/root.html.erb within layouts/application
  Rendered static_pages/root.html.erb within layouts/application (5.2ms)
Completed 200 OK in 1542ms (Views: 1502.9ms | ActiveRecord: 0.0ms)


Started GET "/api/todos" for ::1 at 2019-05-09 16:01:34 -0700
Processing by Api::TodosController#index as JSON
  [1m[36mTodo Load (6.5ms)[0m  [1m[34mSELECT "todos".* FROM "todos"[0m
  ↳ app/controllers/api/todos_controller.rb:14
Completed 200 OK in 24ms (Views: 16.9ms | ActiveRecord: 6.5ms)


Started POST "/api/todos" for ::1 at 2019-05-09 16:01:36 -0700
Processing by Api::TodosController#create as JSON
  Parameters: {"todo"=>{"id"=>"1557442896015", "title"=>"", "body"=>""}}
Unpermitted parameter: :id
  [1m[35m (0.4ms)[0m  [1m[35mBEGIN[0m
  ↳ app/controllers/api/todos_controller.rb:5
  [1m[35m (0.5ms)[0m  [1m[31mROLLBACK[0m
  ↳ app/controllers/api/todos_controller.rb:5
Completed 422 Unprocessable Entity in 17ms (Views: 0.4ms | ActiveRecord: 0.9ms)


Started GET "/" for ::1 at 2019-05-09 16:01:45 -0700
Processing by StaticPagesController#root as HTML
  Rendering static_pages/root.html.erb within layouts/application
  Rendered static_pages/root.html.erb within layouts/application (0.7ms)
Completed 200 OK in 146ms (Views: 125.0ms | ActiveRecord: 0.0ms)


Started GET "/api/todos" for ::1 at 2019-05-09 16:01:46 -0700
Processing by Api::TodosController#index as JSON
  [1m[36mTodo Load (23.5ms)[0m  [1m[34mSELECT "todos".* FROM "todos"[0m
  ↳ app/controllers/api/todos_controller.rb:14
Completed 200 OK in 29ms (Views: 5.1ms | ActiveRecord: 23.5ms)


Started POST "/api/todos" for ::1 at 2019-05-09 16:01:48 -0700
Processing by Api::TodosController#create as JSON
  Parameters: {"todo"=>{"id"=>"1557442908415", "title"=>"", "body"=>""}}
Unpermitted parameter: :id
  [1m[35m (0.8ms)[0m  [1m[35mBEGIN[0m
  ↳ app/controllers/api/todos_controller.rb:5
  [1m[35m (3.2ms)[0m  [1m[31mROLLBACK[0m
  ↳ app/controllers/api/todos_controller.rb:5
Completed 422 Unprocessable Entity in 16ms (Views: 0.6ms | ActiveRecord: 3.9ms)


Started GET "/" for ::1 at 2019-05-09 16:02:47 -0700
Processing by StaticPagesController#root as HTML
  Rendering static_pages/root.html.erb within layouts/application
  Rendered static_pages/root.html.erb within layouts/application (3.2ms)
Completed 200 OK in 1558ms (Views: 1416.3ms | ActiveRecord: 0.0ms)


Started GET "/api/todos" for ::1 at 2019-05-09 16:02:49 -0700
Processing by Api::TodosController#index as JSON
  [1m[36mTodo Load (2.0ms)[0m  [1m[34mSELECT "todos".* FROM "todos"[0m
  ↳ app/controllers/api/todos_controller.rb:14
Completed 200 OK in 38ms (Views: 29.8ms | ActiveRecord: 2.0ms)


Started POST "/api/todos" for ::1 at 2019-05-09 16:02:57 -0700
Processing by Api::TodosController#create as JSON
  Parameters: {"todo"=>{"id"=>"1557442977759", "title"=>"", "body"=>""}}
Unpermitted parameter: :id
  [1m[35m (1.6ms)[0m  [1m[35mBEGIN[0m
  ↳ app/controllers/api/todos_controller.rb:5
  [1m[35m (0.4ms)[0m  [1m[31mROLLBACK[0m
  ↳ app/controllers/api/todos_controller.rb:5
Completed 422 Unprocessable Entity in 17ms (Views: 0.3ms | ActiveRecord: 1.9ms)


Started GET "/" for ::1 at 2019-05-09 16:03:19 -0700
Processing by StaticPagesController#root as HTML
  Rendering static_pages/root.html.erb within layouts/application
  Rendered static_pages/root.html.erb within layouts/application (0.9ms)
Completed 200 OK in 1326ms (Views: 1306.3ms | ActiveRecord: 0.0ms)


Started GET "/api/todos" for ::1 at 2019-05-09 16:03:25 -0700
Processing by Api::TodosController#index as JSON
  [1m[36mTodo Load (1.3ms)[0m  [1m[34mSELECT "todos".* FROM "todos"[0m
  ↳ app/controllers/api/todos_controller.rb:14
Completed 200 OK in 17ms (Views: 15.1ms | ActiveRecord: 1.3ms)


Started POST "/api/todos" for ::1 at 2019-05-09 16:03:29 -0700
Processing by Api::TodosController#create as JSON
  Parameters: {"todo"=>{"id"=>"1557443009338", "title"=>"", "body"=>""}}
Unpermitted parameter: :id
  [1m[35m (0.3ms)[0m  [1m[35mBEGIN[0m
  ↳ app/controllers/api/todos_controller.rb:5
  [1m[35m (0.3ms)[0m  [1m[31mROLLBACK[0m
  ↳ app/controllers/api/todos_controller.rb:5
Completed 422 Unprocessable Entity in 8ms (Views: 0.3ms | ActiveRecord: 0.5ms)


Started GET "/" for ::1 at 2019-05-09 16:03:31 -0700
Processing by StaticPagesController#root as HTML
  Rendering static_pages/root.html.erb within layouts/application
  Rendered static_pages/root.html.erb within layouts/application (0.8ms)
Completed 200 OK in 143ms (Views: 131.8ms | ActiveRecord: 0.0ms)


Started GET "/api/todos" for ::1 at 2019-05-09 16:07:41 -0700
Processing by Api::TodosController#index as JSON
  [1m[36mTodo Load (4.6ms)[0m  [1m[34mSELECT "todos".* FROM "todos"[0m
  ↳ app/controllers/api/todos_controller.rb:14
Completed 200 OK in 127ms (Views: 116.2ms | ActiveRecord: 4.6ms)


Started GET "/" for ::1 at 2019-05-09 16:07:42 -0700
Processing by StaticPagesController#root as HTML
  Rendering static_pages/root.html.erb within layouts/application
  Rendered static_pages/root.html.erb within layouts/application (2.3ms)
Completed 200 OK in 809ms (Views: 794.4ms | ActiveRecord: 0.0ms)


Started GET "/api/todos" for ::1 at 2019-05-09 16:07:43 -0700
Processing by Api::TodosController#index as JSON
  [1m[36mTodo Load (1.5ms)[0m  [1m[34mSELECT "todos".* FROM "todos"[0m
  ↳ app/controllers/api/todos_controller.rb:14
Completed 200 OK in 19ms (Views: 16.7ms | ActiveRecord: 1.5ms)


Started POST "/api/todos" for ::1 at 2019-05-09 16:07:45 -0700
Processing by Api::TodosController#create as JSON
  Parameters: {"todo"=>{"id"=>"1557443265905", "title"=>"", "body"=>""}}
Unpermitted parameter: :id
  [1m[35m (0.3ms)[0m  [1m[35mBEGIN[0m
  ↳ app/controllers/api/todos_controller.rb:5
  [1m[35m (0.3ms)[0m  [1m[31mROLLBACK[0m
  ↳ app/controllers/api/todos_controller.rb:5
Completed 422 Unprocessable Entity in 13ms (Views: 0.3ms | ActiveRecord: 0.6ms)


Started GET "/" for ::1 at 2019-05-09 16:10:07 -0700
Processing by StaticPagesController#root as HTML
  Rendering static_pages/root.html.erb within layouts/application
  Rendered static_pages/root.html.erb within layouts/application (0.7ms)
Completed 200 OK in 1350ms (Views: 1202.8ms | ActiveRecord: 0.0ms)


Started GET "/api/todos" for ::1 at 2019-05-09 16:13:43 -0700
Processing by Api::TodosController#index as JSON
  [1m[36mTodo Load (19.4ms)[0m  [1m[34mSELECT "todos".* FROM "todos"[0m
  ↳ app/controllers/api/todos_controller.rb:14
Completed 200 OK in 69ms (Views: 42.3ms | ActiveRecord: 19.4ms)


Started GET "/" for ::1 at 2019-05-09 16:13:47 -0700
Processing by StaticPagesController#root as HTML
  Rendering static_pages/root.html.erb within layouts/application
  Rendered static_pages/root.html.erb within layouts/application (3.3ms)
Completed 200 OK in 1947ms (Views: 1920.0ms | ActiveRecord: 0.0ms)


Started GET "/api/todos" for ::1 at 2019-05-09 16:13:50 -0700
Processing by Api::TodosController#index as JSON
  [1m[36mTodo Load (2.8ms)[0m  [1m[34mSELECT "todos".* FROM "todos"[0m
  ↳ app/controllers/api/todos_controller.rb:14
Completed 200 OK in 14ms (Views: 10.7ms | ActiveRecord: 2.8ms)


Started POST "/api/todos" for ::1 at 2019-05-09 16:13:57 -0700
Processing by Api::TodosController#create as JSON
  Parameters: {"todo"=>{"id"=>"1557443637496", "title"=>"", "body"=>""}}
Unpermitted parameter: :id
  [1m[35m (0.4ms)[0m  [1m[35mBEGIN[0m
  ↳ app/controllers/api/todos_controller.rb:5
  [1m[35m (0.5ms)[0m  [1m[31mROLLBACK[0m
  ↳ app/controllers/api/todos_controller.rb:5
Completed 422 Unprocessable Entity in 40ms (Views: 0.5ms | ActiveRecord: 0.9ms)


Started GET "/" for ::1 at 2019-05-09 16:16:33 -0700
Processing by StaticPagesController#root as HTML
  Rendering static_pages/root.html.erb within layouts/application
  Rendered static_pages/root.html.erb within layouts/application (47.8ms)
Completed 200 OK in 897ms (Views: 859.0ms | ActiveRecord: 0.0ms)


Started GET "/api/todos" for ::1 at 2019-05-09 16:16:35 -0700
Processing by Api::TodosController#index as JSON
  [1m[36mTodo Load (28.2ms)[0m  [1m[34mSELECT "todos".* FROM "todos"[0m
  ↳ app/controllers/api/todos_controller.rb:14
Completed 200 OK in 46ms (Views: 16.2ms | ActiveRecord: 28.2ms)


Started POST "/api/todos" for ::1 at 2019-05-09 16:16:37 -0700
Processing by Api::TodosController#create as JSON
  Parameters: {"todo"=>{"id"=>"1557443797453", "title"=>"", "body"=>""}}
Unpermitted parameter: :id
  [1m[35m (0.4ms)[0m  [1m[35mBEGIN[0m
  ↳ app/controllers/api/todos_controller.rb:5
  [1m[35m (0.5ms)[0m  [1m[31mROLLBACK[0m
  ↳ app/controllers/api/todos_controller.rb:5
Completed 422 Unprocessable Entity in 45ms (Views: 0.4ms | ActiveRecord: 0.8ms)


Started POST "/api/todos" for ::1 at 2019-05-09 16:16:38 -0700
Processing by Api::TodosController#create as JSON
  Parameters: {"todo"=>{"id"=>"1557443798987", "title"=>"", "body"=>""}}
Unpermitted parameter: :id
  [1m[35m (0.5ms)[0m  [1m[35mBEGIN[0m
  ↳ app/controllers/api/todos_controller.rb:5
  [1m[35m (0.3ms)[0m  [1m[31mROLLBACK[0m
  ↳ app/controllers/api/todos_controller.rb:5
Completed 422 Unprocessable Entity in 28ms (Views: 0.5ms | ActiveRecord: 0.9ms)


Started POST "/api/todos" for ::1 at 2019-05-09 16:16:39 -0700
Processing by Api::TodosController#create as JSON
  Parameters: {"todo"=>{"id"=>"1557443799150", "title"=>"", "body"=>""}}
Unpermitted parameter: :id
  [1m[35m (0.4ms)[0m  [1m[35mBEGIN[0m
  ↳ app/controllers/api/todos_controller.rb:5
  [1m[35m (0.4ms)[0m  [1m[31mROLLBACK[0m
  ↳ app/controllers/api/todos_controller.rb:5
Completed 422 Unprocessable Entity in 16ms (Views: 0.4ms | ActiveRecord: 0.7ms)


Started POST "/api/todos" for ::1 at 2019-05-09 16:16:39 -0700
Processing by Api::TodosController#create as JSON
  Parameters: {"todo"=>{"id"=>"1557443799269", "title"=>"", "body"=>""}}
Unpermitted parameter: :id
  [1m[35m (1.3ms)[0m  [1m[35mBEGIN[0m
  ↳ app/controllers/api/todos_controller.rb:5
  [1m[35m (0.4ms)[0m  [1m[31mROLLBACK[0m
  ↳ app/controllers/api/todos_controller.rb:5
Completed 422 Unprocessable Entity in 26ms (Views: 0.4ms | ActiveRecord: 1.7ms)


Started POST "/api/todos" for ::1 at 2019-05-09 16:16:39 -0700
Processing by Api::TodosController#create as JSON
  Parameters: {"todo"=>{"id"=>"1557443799385", "title"=>"", "body"=>""}}
Unpermitted parameter: :id
  [1m[35m (0.3ms)[0m  [1m[35mBEGIN[0m
  ↳ app/controllers/api/todos_controller.rb:5
  [1m[35m (0.8ms)[0m  [1m[31mROLLBACK[0m
  ↳ app/controllers/api/todos_controller.rb:5
Completed 422 Unprocessable Entity in 35ms (Views: 0.5ms | ActiveRecord: 1.1ms)


Started GET "/" for ::1 at 2019-05-09 16:21:07 -0700
Processing by StaticPagesController#root as HTML
  Rendering static_pages/root.html.erb within layouts/application
  Rendered static_pages/root.html.erb within layouts/application (19.4ms)
Completed 200 OK in 1457ms (Views: 1429.9ms | ActiveRecord: 0.0ms)


Started GET "/api/todos" for ::1 at 2019-05-09 16:21:10 -0700
Processing by Api::TodosController#index as JSON
  [1m[36mTodo Load (0.9ms)[0m  [1m[34mSELECT "todos".* FROM "todos"[0m
  ↳ app/controllers/api/todos_controller.rb:14
Completed 200 OK in 12ms (Views: 9.7ms | ActiveRecord: 0.9ms)


Started POST "/api/todos" for ::1 at 2019-05-09 16:21:14 -0700
Processing by Api::TodosController#create as JSON
  Parameters: {"todo"=>{"id"=>"1557444074513", "title"=>"", "body"=>""}}
Unpermitted parameter: :id
  [1m[35m (0.4ms)[0m  [1m[35mBEGIN[0m
  ↳ app/controllers/api/todos_controller.rb:5
  [1m[35m (0.4ms)[0m  [1m[31mROLLBACK[0m
  ↳ app/controllers/api/todos_controller.rb:5
Completed 422 Unprocessable Entity in 23ms (Views: 1.4ms | ActiveRecord: 0.8ms)


Started GET "/" for ::1 at 2019-05-09 16:22:43 -0700
Processing by StaticPagesController#root as HTML
  Rendering static_pages/root.html.erb within layouts/application
  Rendered static_pages/root.html.erb within layouts/application (11.1ms)
Completed 200 OK in 1814ms (Views: 1773.0ms | ActiveRecord: 0.0ms)


Started GET "/api/todos" for ::1 at 2019-05-09 16:22:50 -0700
Processing by Api::TodosController#index as JSON
  [1m[36mTodo Load (56.3ms)[0m  [1m[34mSELECT "todos".* FROM "todos"[0m
  ↳ app/controllers/api/todos_controller.rb:14
Completed 200 OK in 75ms (Views: 17.4ms | ActiveRecord: 56.3ms)


Started POST "/api/todos" for ::1 at 2019-05-09 16:22:53 -0700
Processing by Api::TodosController#create as JSON
  Parameters: {"todo"=>{"id"=>"1557444173811", "title"=>"", "body"=>""}}
Unpermitted parameter: :id
  [1m[35m (3.3ms)[0m  [1m[35mBEGIN[0m
  ↳ app/controllers/api/todos_controller.rb:5
  [1m[35m (0.4ms)[0m  [1m[31mROLLBACK[0m
  ↳ app/controllers/api/todos_controller.rb:5
Completed 422 Unprocessable Entity in 22ms (Views: 0.4ms | ActiveRecord: 3.7ms)


Started GET "/" for ::1 at 2019-05-09 16:31:19 -0700
Processing by StaticPagesController#root as HTML
  Rendering static_pages/root.html.erb within layouts/application
  Rendered static_pages/root.html.erb within layouts/application (3.9ms)
Completed 200 OK in 261ms (Views: 243.9ms | ActiveRecord: 0.0ms)


Started GET "/api/todos" for ::1 at 2019-05-09 16:31:20 -0700
Processing by Api::TodosController#index as JSON
  [1m[36mTodo Load (3.5ms)[0m  [1m[34mSELECT "todos".* FROM "todos"[0m
  ↳ app/controllers/api/todos_controller.rb:14
Completed 200 OK in 25ms (Views: 20.2ms | ActiveRecord: 3.5ms)


Started POST "/api/todos" for ::1 at 2019-05-09 16:31:24 -0700
Processing by Api::TodosController#create as JSON
  Parameters: {"todo"=>{"id"=>"1557444684322", "title"=>"", "body"=>""}}
Unpermitted parameter: :id
  [1m[35m (3.0ms)[0m  [1m[35mBEGIN[0m
  ↳ app/controllers/api/todos_controller.rb:5
  [1m[35m (0.3ms)[0m  [1m[31mROLLBACK[0m
  ↳ app/controllers/api/todos_controller.rb:5
Completed 422 Unprocessable Entity in 22ms (Views: 0.4ms | ActiveRecord: 3.3ms)


Started GET "/" for ::1 at 2019-05-09 16:31:27 -0700
Processing by StaticPagesController#root as HTML
  Rendering static_pages/root.html.erb within layouts/application
  Rendered static_pages/root.html.erb within layouts/application (0.9ms)
Completed 200 OK in 157ms (Views: 150.8ms | ActiveRecord: 0.0ms)


Started GET "/api/todos" for ::1 at 2019-05-09 16:31:27 -0700
Processing by Api::TodosController#index as JSON
  [1m[36mTodo Load (2.7ms)[0m  [1m[34mSELECT "todos".* FROM "todos"[0m
  ↳ app/controllers/api/todos_controller.rb:14
Completed 200 OK in 9ms (Views: 5.3ms | ActiveRecord: 2.7ms)


